<?xml version="1.0" encoding="UTF-8"?>
<testsuite xmlns:xsi="http://www.w3.org/2001/XMLSchema-instance" xsi:noNamespaceSchemaLocation="https://maven.apache.org/surefire/maven-surefire-plugin/xsd/surefire-test-report-3.0.xsd" version="3.0" name="ComponentTest" time="14.382" tests="2" errors="0" skipped="0" failures="0">
  <properties>
[...]
</properties>
  <testcase name="testSparkFunctionality" classname="ComponentTest" time="13.264">
    <system-out><![CDATA[25/10/17 02:16:04 INFO SparkContext: Running Spark version 3.3.2
25/10/17 02:16:04 WARN Shell: Did not find winutils.exe: java.io.FileNotFoundException: java.io.FileNotFoundException: HADOOP_HOME and hadoop.home.dir are unset. -see https://wiki.apache.org/hadoop/WindowsProblems
25/10/17 02:16:04 WARN NativeCodeLoader: Unable to load native-hadoop library for your platform... using builtin-java classes where applicable
25/10/17 02:16:04 INFO ResourceUtils: ==============================================================
25/10/17 02:16:04 INFO ResourceUtils: No custom resources configured for spark.driver.
25/10/17 02:16:04 INFO ResourceUtils: ==============================================================
25/10/17 02:16:04 INFO SparkContext: Submitted application: ComponentTest
25/10/17 02:16:04 INFO ResourceProfile: Default ResourceProfile created, executor resources: Map(cores -> name: cores, amount: 1, script: , vendor: , memory -> name: memory, amount: 1024, script: , vendor: , offHeap -> name: offHeap, amount: 0, script: , vendor: ), task resources: Map(cpus -> name: cpus, amount: 1.0)
25/10/17 02:16:04 INFO ResourceProfile: Limiting resource is cpu
25/10/17 02:16:04 INFO ResourceProfileManager: Added ResourceProfile id: 0
25/10/17 02:16:04 INFO SecurityManager: Changing view acls to: dev
25/10/17 02:16:04 INFO SecurityManager: Changing modify acls to: dev
25/10/17 02:16:04 INFO SecurityManager: Changing view acls groups to: 
25/10/17 02:16:04 INFO SecurityManager: Changing modify acls groups to: 
25/10/17 02:16:04 INFO SecurityManager: SecurityManager: authentication disabled; ui acls disabled; users  with view permissions: Set(dev); groups with view permissions: Set(); users  with modify permissions: Set(dev); groups with modify permissions: Set()
25/10/17 02:16:06 INFO Utils: Successfully started service 'sparkDriver' on port 59752.
25/10/17 02:16:06 INFO SparkEnv: Registering MapOutputTracker
25/10/17 02:16:06 INFO SparkEnv: Registering BlockManagerMaster
25/10/17 02:16:06 INFO BlockManagerMasterEndpoint: Using org.apache.spark.storage.DefaultTopologyMapper for getting topology information
25/10/17 02:16:06 INFO BlockManagerMasterEndpoint: BlockManagerMasterEndpoint up
25/10/17 02:16:06 INFO SparkEnv: Registering BlockManagerMasterHeartbeat
25/10/17 02:16:06 INFO DiskBlockManager: Created local directory at C:\Users\dev\AppData\Local\Temp\blockmgr-798831f0-dcfe-4fb9-939e-a53f9aa0ab61
25/10/17 02:16:06 INFO MemoryStore: MemoryStore started with capacity 912.3 MiB
25/10/17 02:16:06 INFO SparkEnv: Registering OutputCommitCoordinator
25/10/17 02:16:06 INFO Utils: Successfully started service 'SparkUI' on port 4040.
25/10/17 02:16:07 INFO Executor: Starting executor ID driver on host 192.168.1.3
25/10/17 02:16:07 INFO Executor: Starting executor with user classpath (userClassPathFirst = false): ''
25/10/17 02:16:07 INFO Utils: Successfully started service 'org.apache.spark.network.netty.NettyBlockTransferService' on port 59763.
25/10/17 02:16:07 INFO NettyBlockTransferService: Server created on 192.168.1.3:59763
25/10/17 02:16:07 INFO BlockManager: Using org.apache.spark.storage.RandomBlockReplicationPolicy for block replication policy
25/10/17 02:16:07 INFO BlockManagerMaster: Registering BlockManager BlockManagerId(driver, 192.168.1.3, 59763, None)
25/10/17 02:16:07 INFO BlockManagerMasterEndpoint: Registering block manager 192.168.1.3:59763 with 912.3 MiB RAM, BlockManagerId(driver, 192.168.1.3, 59763, None)
25/10/17 02:16:07 INFO BlockManagerMaster: Registered BlockManager BlockManagerId(driver, 192.168.1.3, 59763, None)
25/10/17 02:16:07 INFO BlockManager: Initialized BlockManager: BlockManagerId(driver, 192.168.1.3, 59763, None)
Spark Version: 3.3.2
******* 1 ******
Successfully loaded actual CSV file
******* 2 ******
Dataset schema:
root
 |-- id: string (nullable = true)
 |-- name: string (nullable = true)
 |-- value: string (nullable = true)
 |-- date: string (nullable = true)

Dataset content:
+---+---------+-----+----------+
| id|     name|value|      date|
+---+---------+-----+----------+
|  1|contract1| 1000|2023-01-01|
|  2|contract2| 2000|2023-01-02|
|  3|contract3| 3000|2023-01-03|
+---+---------+-----+----------+

Dataset count: 3
Test completed successfully!
SparkSession stopped successfully
]]></system-out>
    <system-err><![CDATA[Using Spark's default log4j profile: org/apache/spark/log4j2-defaults.properties
]]></system-err>
  </testcase>
  <testcase name="testBasicSql" classname="ComponentTest" time="1.019">
    <system-out><![CDATA[Spark Version: 3.3.2
******* 1 ******
Successfully loaded actual CSV file
******* 2 ******
+--------+------+
|greeting|number|
+--------+------+
|   Hello|   123|
+--------+------+

SparkSession stopped successfully
]]></system-out>
  </testcase>
</testsuite>